[debug] [2023-10-30T19:04:39.564Z] ----------------------------------------------------------------------
[debug] [2023-10-30T19:04:39.567Z] Command:       /home/efalinuxlite/.nvm/versions/node/v18.12.1/bin/node /home/efalinuxlite/.nvm/versions/node/v18.12.1/bin/firebase init
[debug] [2023-10-30T19:04:39.568Z] CLI Version:   12.7.0
[debug] [2023-10-30T19:04:39.568Z] Platform:      linux
[debug] [2023-10-30T19:04:39.569Z] Node Version:  v18.12.1
[debug] [2023-10-30T19:04:39.569Z] Time:          Mon Oct 30 2023 14:04:39 GMT-0500 (hora estándar oriental)
[debug] [2023-10-30T19:04:39.569Z] ----------------------------------------------------------------------
[debug] 
[debug] [2023-10-30T19:04:39.680Z] > command requires scopes: ["email","openid","https://www.googleapis.com/auth/cloudplatformprojects.readonly","https://www.googleapis.com/auth/firebase","https://www.googleapis.com/auth/cloud-platform"]
[debug] [2023-10-30T19:04:39.681Z] > authorizing via signed-in user (efalconarr@gmail.com)
[info] 
     ######## #### ########  ######## ########     ###     ######  ########
     ##        ##  ##     ## ##       ##     ##  ##   ##  ##       ##
     ######    ##  ########  ######   ########  #########  ######  ######
     ##        ##  ##    ##  ##       ##     ## ##     ##       ## ##
     ##       #### ##     ## ######## ########  ##     ##  ######  ########

You're about to initialize a Firebase project in this directory:

  /home/efalinuxlite/Documentos/Rest1/SoftRest

Before we get started, keep in mind:

  * You are initializing within an existing Firebase project directory

